
null
null
null
null
null
null
null
null
null
null
null
null
ListarPaisesReiniciar
ListarPaisesReiniciar
null
null
null
null
FazerLogin
FazerLogin
henry@yukio.com -> null
null -> henry@yukio.com
henry@yukio.com -> ListarPaisesReiniciar
ListarPaisesReiniciar -> henry@yukio.com
henry@yukio.com -> ListarPaisesBuscar
ListarPaisesBuscar -> henry@yukio.com
henry@yukio.com -> null
null -> henry@yukio.com
henry@yukio.com -> CriarPais
CriarPais -> henry@yukio.com
henry@yukio.com -> VisualizarPais
VisualizarPais -> henry@yukio.com
henry@yukio.com -> EditarPais
EditarPais -> henry@yukio.com
henry@yukio.com -> AlterarPais
AlterarPais -> henry@yukio.com
henry@yukio.com -> null
null -> henry@yukio.com
henry@yukio.com -> VisualizarPais
VisualizarPais -> henry@yukio.com
henry@yukio.com -> null
null -> henry@yukio.com
henry@yukio.com -> ExcluirPais
ExcluirPais -> henry@yukio.com
henry@yukio.com -> ListarPaisesBuscar
ListarPaisesBuscar -> henry@yukio.com
henry@yukio.com -> VisualizarPais
VisualizarPais -> henry@yukio.com
henry@yukio.com -> null
null -> henry@yukio.com
henry@yukio.com -> VisualizarPais
VisualizarPais -> henry@yukio.com
henry@yukio.com -> EditarPais
EditarPais -> henry@yukio.com
henry@yukio.com -> null
henry@yukio.com -> null
henry@yukio.com -> null
henry@yukio.com -> null
null -> henry@yukio.com
null -> henry@yukio.com
null -> henry@yukio.com
null -> henry@yukio.com
henry@yukio.com -> null
null -> henry@yukio.com
henry@yukio.com -> EditarPais
EditarPais -> henry@yukio.com
henry@yukio.com -> null
null -> henry@yukio.com
henry@yukio.com -> ExcluirPais
ExcluirPais -> henry@yukio.com