
Mon May 11 19:02:25 BRT 2020 Chegou um request para: ListarPaisesReiniciar
Mon May 11 19:02:32 BRT 2020 Chegou um request para: ListarPaisesBuscar
Mon May 11 19:02:41 BRT 2020 Chegou um request para: VisualizarPais
Mon May 11 19:02:43 BRT 2020 Chegou um request para: EditarPais
Mon May 11 19:02:48 BRT 2020 Chegou um request para: AlterarPais
Mon May 11 19:03:02 BRT 2020 Chegou um request para: CriarPais
Mon May 11 19:04:20 BRT 2020 Chegou um request para: ListarPaisesBuscar
Mon May 11 19:04:32 BRT 2020 Chegou um request para: ExcluirPais
Mon May 11 19:04:42 BRT 2020 Chegou um request para: ListarPaisesBuscar
Mon May 11 19:07:14 BRT 2020
Chegou um request para: ListarPaisesReiniciar
Mon May 11 19:07:16 BRT 2020
Chegou um request para: ListarPaisesBuscar
Mon May 11 19:07:24 BRT 2020
Chegou um request para: VisualizarPais
Mon May 11 19:08:00 BRT 2020
Chegou um request para: EditarPais
Mon May 11 19:08:10 BRT 2020
Chegou um request para: AlterarPais
Mon May 11 19:08:22 BRT 2020
Chegou um request para: EditarPais
Mon May 11 19:08:26 BRT 2020
Chegou um request para: AlterarPais
Mon May 11 19:08:35 BRT 2020
Chegou um request para: EditarPais
Mon May 11 19:13:17 BRT 2020
Chegou um request para: AlterarPais
Mon May 11 19:13:23 BRT 2020
Chegou um request para: VisualizarPais
Mon May 11 19:13:29 BRT 2020
Chegou um request para: VisualizarPais
Mon May 11 19:13:31 BRT 2020
Chegou um request para: EditarPais
Mon May 11 19:14:49 BRT 2020
Chegou um request para: AlterarPais
Mon May 11 19:15:12 BRT 2020
Chegou um request para: ListarPaisesBuscar
Mon May 11 19:15:17 BRT 2020
Chegou um request para: VisualizarPais
Mon May 11 19:15:20 BRT 2020
Chegou um request para: VisualizarPais
Mon May 11 19:15:21 BRT 2020
Chegou um request para: EditarPais
Mon May 11 19:15:43 BRT 2020
Chegou um request para: EditarPais
Mon May 11 19:15:49 BRT 2020
Chegou um request para: AlterarPais
Mon May 11 19:15:52 BRT 2020
Chegou um request para: ExcluirPais
Mon May 11 19:15:55 BRT 2020
Chegou um request para: EditarPais
Mon May 11 19:19:46 BRT 2020
Chegou um request para: VisualizarPais
Mon May 11 19:19:48 BRT 2020
Chegou um request para: EditarPais
Mon May 11 19:19:54 BRT 2020
Chegou um request para: ExcluirPais
Mon May 11 19:19:58 BRT 2020
Chegou um request para: VisualizarPais
Mon May 11 19:19:59 BRT 2020
Chegou um request para: EditarPais
Mon May 11 19:20:03 BRT 2020
Chegou um request para: AlterarPais
Mon May 11 20:37:05 BRT 2020
Chegou um request para: ListarPaisesReiniciar
Mon May 11 20:37:12 BRT 2020
Chegou um request para: ListarPaisesBuscar
Mon May 11 20:37:38 BRT 2020
Chegou um request para: CriarPais
Mon May 11 20:37:42 BRT 2020
Chegou um request para: EditarPais
Mon May 11 20:37:46 BRT 2020
Chegou um request para: AlterarPais
Mon May 11 20:37:51 BRT 2020
Chegou um request para: ExcluirPais
Mon May 11 20:37:52 BRT 2020
Chegou um request para: ListarPaisesBuscar
Mon May 11 20:37:54 BRT 2020
Chegou um request para: VisualizarPais
Mon May 11 20:37:57 BRT 2020
Chegou um request para: EditarPais
Mon May 11 20:37:59 BRT 2020
Chegou um request para: AlterarPais
Mon May 11 20:38:01 BRT 2020
Chegou um request para: ExcluirPais
Mon May 11 20:38:04 BRT 2020
Chegou um request para: VisualizarPais
Mon May 11 20:38:07 BRT 2020
Chegou um request para: VisualizarPais
Mon May 11 20:38:08 BRT 2020
Chegou um request para: EditarPais
Mon May 11 20:39:54 BRT 2020
Chegou um request para: EditarPais
Mon May 11 20:39:59 BRT 2020
Chegou um request para: EditarPais
Mon May 11 20:40:04 BRT 2020
Chegou um request para: VisualizarPais
Mon May 11 20:40:05 BRT 2020
Chegou um request para: EditarPais
Mon May 11 20:40:08 BRT 2020
Chegou um request para: EditarPais
Mon May 11 20:40:10 BRT 2020
Chegou um request para: AlterarPais
Mon May 11 20:40:14 BRT 2020
Chegou um request para: EditarPais
Mon May 11 20:40:23 BRT 2020
Chegou um request para: VisualizarPais
Mon May 11 20:40:25 BRT 2020
Chegou um request para: EditarPais
Mon May 11 20:46:34 BRT 2020
Chegou um request para: EditarPais
Mon May 11 20:46:45 BRT 2020
Chegou um request para: ListarPaisesReiniciar
Mon May 11 20:46:45 BRT 2020
Chegou um request para: ListarPaisesBuscar
Mon May 11 20:46:49 BRT 2020
Chegou um request para: EditarPais